Virtuoso Framework License (111) was checked out successfully. Total checkout time was 0.02s.

Running simulation in directory: "/home/bbrown/IC_CAD/CADENCE/PVS_LVS/".

Loading gpdk045/libInit.il ...
	Loading gpdk045/loadCxt.ile ... done!
	Loading context 'gpdk045' from library 'gpdk045' ... done!
	Loading context 'pdkUtils' from library 'gpdk045' ... done!
	Loading gpdk045/gpdk045_customFilter.il ... done!
	Loading gpdk045/libInitCustomExit.il ... 
	Loading Environment Settings ...
	Loading gpdk045/gpdk045_PDKRegistrations.il ... done!

  *************************************************************           
  *              Cadence Design Systems, Inc.                 *           
  *                                                           *           
  *                    Generic 45nm PDK                       *           
  *                        (gpdk045)                          *           
  *                                                           *           
  *************************************************************           
	

	VERSION: 6.0 (09-September-2019)

done!
Loaded gpdk045/libInit.il successfully!
Running Artist Hierarchical Netlisting ...
End netlisting Jan 31 14:55:56 2020

Running simin

Running runSim()...


Running runsim with simulator: "auCdl"
Begin simulation:    Jan 31 14:55:56 2020

auCdl netlisting completed
End simulation:      Jan 31 14:55:56 2020
INFO (AUCDL-21): (Analog) CDL netlisting completed successfully.