ahdlcmicompile: Compiling ahdlcmi in input.ahdlSimDB//bsource_2b273e.va.bsource_2b273e.ahdlcmi/Linux-64/ for Linux-64 with optimize using gcc on Fri Jan 17 13:54:26 MST 2020 [5.0]
ahdlcmicompile: Generating makefile
PATH:  /usr/local/cad_tools/cadence/SPECTRE181/bin:/usr/local/cad_tools/cadence/SPECTRE181/tools/bin/64bit:/usr/local/cad_tools/cadence/SPECTRE181/tools/bin:/usr/local/cad_tools/cadence/IC618/bin:/usr/local/cad_tools/cadence/IC618/tools/bin/64bit:/usr/local/cad_tools/cadence/IC618/tools/bin:/usr/local/cad_tools/cadence/IC618/share/oa/bin:/usr/local/cad_tools/cadence/XCELIUM1903/tools/bin:/usr/local/cad_tools/cadence/IC618/tools/iccraft/bin:/usr/local/cad_tools/cadence/PVS161/tools/bin:/usr/local/cad_tools/cadence/INNOVUS191/tools/bin:/usr/local/cad_tools/cadence/LIBERATE192/bin:/usr/local/cad_tools/cadence/IC618/tools/dfII/tools/bin:/usr/local/cad_tools/cadence/IC618/tools/dfII/bin:/usr/local/bin:/usr/bin:/usr/local/sbin:/usr/sbin:/usr/local/cad_common/local/setups
LD_LIBRARY_PATH:  /usr/local/cad_tools/cadence/SPECTRE181/tools/giganta/lib/64bit:/usr/local/cad_tools/cadence/SPECTRE181/tools/mdl/lib/64bit:/usr/local/cad_tools/cadence/SPECTRE181/tools/mmsim/lib/64bit:/usr/local/cad_tools/cadence/SPECTRE181/tools/tcltk-8.4.20/lib/64bit:/usr/local/cad_tools/cadence/SPECTRE181/tools/inca/lib/64bit:/usr/local/cad_tools/cadence/SPECTRE181/tools/spectre/lib/64bit:/usr/local/cad_tools/cadence/SPECTRE181/tools/dfII/lib/64bit:/usr/local/cad_tools/cadence/SPECTRE181/tools/lib/64bit:/usr/local/cad_tools/cadence/SPECTRE181/tools/lib/64bit:/usr/local/cad_tools/cadence/SPECTRE181/tools/lib:/usr/local/cad_tools/cadence/IC618/tools/lib/64bit:/usr/local/cad_tools/cadence/IC618/tools/lib:/usr/local/cad_tools/cadence/IC618/tools/lib/64bit/RHEL/RHEL7:/usr/local/cad_tools/cadence/IC618/share/oa/lib/linux_rhel60_64/opt:/usr/local/cad_tools/cadence/IC618/tools/dfII/lib/64bit:/usr/local/cad_tools/cadence/IC618/tools/sev/lib/64bit:/usr/local/cad_tools/cadence/IC618/tools/hdf5/lib/64bit:/usr/local/cad_tools/cadence/IC618/tools/lz4/lib/64bit:/usr/local/cad_tools/cadence/XCELIUM1903/tools.lnx86/lib/64bit:/usr/local/cad_tools/cadence/IC618/tools/Qt/v5/64bit/lib:/usr/local/cad_tools/cadence/XCELIUM1903/tools/lib
ERROR: ld.so: object '/usr/local/cad_tools/cadence/IC618/tools.lnx86/dfII/../lib/64bit/libstdc++.so' from LD_PRELOAD cannot be preloaded: ignored.
ERROR: ld.so: object '/usr/local/cad_tools/cadence/IC618/tools.lnx86/dfII/../lib/64bit/libstdc++.so' from LD_PRELOAD cannot be preloaded: ignored.
/usr/local/cad_tools/cadence/SPECTRE181/tools.lnx86/spectre/ahdlcmi/bin/gnumake -j48 -f GNUmakefile
ERROR: ld.so: object '/usr/local/cad_tools/cadence/IC618/tools.lnx86/dfII/../lib/64bit/libstdc++.so' from LD_PRELOAD cannot be preloaded: ignored.
Cleaning ./obj/optimize/5.0
rm -f -rf ./obj/optimize/5.0
ERROR: ld.so: object '/usr/local/cad_tools/cadence/IC618/tools.lnx86/dfII/../lib/64bit/libstdc++.so' from LD_PRELOAD cannot be preloaded: ignored.
Compiling C file bsource_2b273e_DcFuncDerLoad.c (optimize)
Compiling C file bsource_2b273e_DcFuncLoad.c (optimize)
Compiling C file bsource_2b273e_func.c (optimize)
/usr/local/cad_tools/cadence/SPECTRE181/tools.lnx86/spectre/ahdlcmi/bin/64bit/ahdlcc 0 /usr/local/cad_tools/cadence/SPECTRE181/tools.lnx86/cdsgcc/gcc/6.3/bin/gcc  -march=k8 -ffast-math  -fno-unsafe-math-optimizations -O3 -m64 -DSYSV -DSVR4 -D_REENTRANT -fPIC   -DconfigSPECTRE -I. -I/usr/local/cad_tools/cadence/SPECTRE181/tools.lnx86/spectre/ahdlcmi/include -c bsource_2b273e_DcFuncDerLoad.c -o obj/optimize/5.0/bsource_2b273e_DcFuncDerLoad.o || rm -f -f obj/optimize/5.0/bsource_2b273e_DcFuncDerLoad.o
/usr/local/cad_tools/cadence/SPECTRE181/tools.lnx86/spectre/ahdlcmi/bin/64bit/ahdlcc 0 /usr/local/cad_tools/cadence/SPECTRE181/tools.lnx86/cdsgcc/gcc/6.3/bin/gcc  -march=k8 -ffast-math  -fno-unsafe-math-optimizations -O3 -m64 -DSYSV -DSVR4 -D_REENTRANT -fPIC   -DconfigSPECTRE -I. -I/usr/local/cad_tools/cadence/SPECTRE181/tools.lnx86/spectre/ahdlcmi/include -c bsource_2b273e_func.c -o obj/optimize/5.0/bsource_2b273e_func.o || rm -f -f obj/optimize/5.0/bsource_2b273e_func.o
/usr/local/cad_tools/cadence/SPECTRE181/tools.lnx86/spectre/ahdlcmi/bin/64bit/ahdlcc 0 /usr/local/cad_tools/cadence/SPECTRE181/tools.lnx86/cdsgcc/gcc/6.3/bin/gcc  -march=k8 -ffast-math  -fno-unsafe-math-optimizations -O3 -m64 -DSYSV -DSVR4 -D_REENTRANT -fPIC   -DconfigSPECTRE -I. -I/usr/local/cad_tools/cadence/SPECTRE181/tools.lnx86/spectre/ahdlcmi/include -c bsource_2b273e_DcFuncLoad.c -o obj/optimize/5.0/bsource_2b273e_DcFuncLoad.o || rm -f -f obj/optimize/5.0/bsource_2b273e_DcFuncLoad.o
Compiling C file bsource_2b273e_TranFuncDerLoad.c (optimize)
/usr/local/cad_tools/cadence/SPECTRE181/tools.lnx86/spectre/ahdlcmi/bin/64bit/ahdlcc 0 /usr/local/cad_tools/cadence/SPECTRE181/tools.lnx86/cdsgcc/gcc/6.3/bin/gcc  -march=k8 -ffast-math  -fno-unsafe-math-optimizations -O3 -m64 -DSYSV -DSVR4 -D_REENTRANT -fPIC   -DconfigSPECTRE -I. -I/usr/local/cad_tools/cadence/SPECTRE181/tools.lnx86/spectre/ahdlcmi/include -c bsource_2b273e_TranFuncDerLoad.c -o obj/optimize/5.0/bsource_2b273e_TranFuncDerLoad.o || rm -f -f obj/optimize/5.0/bsource_2b273e_TranFuncDerLoad.o
Compiling C file bsource_2b273e_TranFuncDerSimLoad.c (optimize)
/usr/local/cad_tools/cadence/SPECTRE181/tools.lnx86/spectre/ahdlcmi/bin/64bit/ahdlcc 0 /usr/local/cad_tools/cadence/SPECTRE181/tools.lnx86/cdsgcc/gcc/6.3/bin/gcc  -march=k8 -ffast-math  -fno-unsafe-math-optimizations -O3 -m64 -DSYSV -DSVR4 -D_REENTRANT -fPIC   -DconfigSPECTRE -I. -I/usr/local/cad_tools/cadence/SPECTRE181/tools.lnx86/spectre/ahdlcmi/include -c bsource_2b273e_TranFuncDerSimLoad.c -o obj/optimize/5.0/bsource_2b273e_TranFuncDerSimLoad.o || rm -f -f obj/optimize/5.0/bsource_2b273e_TranFuncDerSimLoad.o
Compiling C file bsource_2b273e_TranFuncLoad.c (optimize)
/usr/local/cad_tools/cadence/SPECTRE181/tools.lnx86/spectre/ahdlcmi/bin/64bit/ahdlcc 0 /usr/local/cad_tools/cadence/SPECTRE181/tools.lnx86/cdsgcc/gcc/6.3/bin/gcc  -march=k8 -ffast-math  -fno-unsafe-math-optimizations -O3 -m64 -DSYSV -DSVR4 -D_REENTRANT -fPIC   -DconfigSPECTRE -I. -I/usr/local/cad_tools/cadence/SPECTRE181/tools.lnx86/spectre/ahdlcmi/include -c bsource_2b273e_TranFuncLoad.c -o obj/optimize/5.0/bsource_2b273e_TranFuncLoad.o || rm -f -f obj/optimize/5.0/bsource_2b273e_TranFuncLoad.o
Compiling C file bsource_2b273e_OpPointCalc.c (optimize)
Compiling C file bsource_2b273e_TranFuncSimLoad.c (optimize)
/usr/local/cad_tools/cadence/SPECTRE181/tools.lnx86/spectre/ahdlcmi/bin/64bit/ahdlcc 0 /usr/local/cad_tools/cadence/SPECTRE181/tools.lnx86/cdsgcc/gcc/6.3/bin/gcc  -march=k8 -ffast-math  -fno-unsafe-math-optimizations -O3 -m64 -DSYSV -DSVR4 -D_REENTRANT -fPIC   -DconfigSPECTRE -I. -I/usr/local/cad_tools/cadence/SPECTRE181/tools.lnx86/spectre/ahdlcmi/include -c bsource_2b273e_OpPointCalc.c -o obj/optimize/5.0/bsource_2b273e_OpPointCalc.o || rm -f -f obj/optimize/5.0/bsource_2b273e_OpPointCalc.o
Compiling C file bsource_2b273e_cmi_c.c (optimize)
/usr/local/cad_tools/cadence/SPECTRE181/tools.lnx86/spectre/ahdlcmi/bin/64bit/ahdlcc 0 /usr/local/cad_tools/cadence/SPECTRE181/tools.lnx86/cdsgcc/gcc/6.3/bin/gcc  -march=k8 -ffast-math  -fno-unsafe-math-optimizations -O3 -m64 -DSYSV -DSVR4 -D_REENTRANT -fPIC   -DconfigSPECTRE -I. -I/usr/local/cad_tools/cadence/SPECTRE181/tools.lnx86/spectre/ahdlcmi/include -c bsource_2b273e_TranFuncSimLoad.c -o obj/optimize/5.0/bsource_2b273e_TranFuncSimLoad.o || rm -f -f obj/optimize/5.0/bsource_2b273e_TranFuncSimLoad.o
/usr/local/cad_tools/cadence/SPECTRE181/tools.lnx86/spectre/ahdlcmi/bin/64bit/ahdlcc 0 /usr/local/cad_tools/cadence/SPECTRE181/tools.lnx86/cdsgcc/gcc/6.3/bin/gcc  -march=k8 -ffast-math  -fno-unsafe-math-optimizations -O3 -m64 -DSYSV -DSVR4 -D_REENTRANT -fPIC   -DconfigSPECTRE -I. -I/usr/local/cad_tools/cadence/SPECTRE181/tools.lnx86/spectre/ahdlcmi/include -I/usr/local/cad_tools/cadence/SPECTRE181/tools.lnx86/cmi/include -c bsource_2b273e_cmi_c.c -o obj/optimize/5.0/bsource_2b273e_cmi_c.o || rm -f -f obj/optimize/5.0/bsource_2b273e_cmi_c.o
<stdin>: In function 'bsource_2b273e_pGetInstanceParams':
<stdin>:809:1402: warning: implicit declaration of function 'devGetInstKnotStatus' [-Wimplicit-function-declaration]
<stdin>: In function 'bsource_2b273e_pDC_Load':
<stdin>:826:3009: warning: passing argument 1 of 'aslDevFillZeorDiagonalElemet' makes pointer from integer without a cast [-Wint-conversion]
In file included from <stdin>:24:0:
/usr/local/cad_tools/cadence/SPECTRE181/tools.lnx86/spectre/ahdlcmi/include/ahdlDevLibGlobal.h:2709:33: note: expected 'void *' but argument is of type 'long int'
 ASL_FUNC_DECL_START extern void aslDevFillZeorDiagonalElemet( void *, int, unsigned int, struct ahdlFuncModeParam * );
                                 ^~~~~~~~~~~~~~~~~~~~~~~~~~~~
<stdin>: In function 'bsource_2b273e_pCompare':
<stdin>:865:1205: warning: assignment makes integer from pointer without a cast [-Wint-conversion]
<stdin>:865:1285: warning: passing argument 1 of 'memcpy' makes pointer from integer without a cast [-Wint-conversion]
In file included from /usr/local/cad_tools/cadence/SPECTRE181/tools.lnx86/spectre/ahdlcmi/include/ahdlPiCmi.h:5:0,
                 from /usr/local/cad_tools/cadence/SPECTRE181/tools.lnx86/spectre/ahdlcmi/include/ahdlDevLibGlobal.h:83,
                 from <stdin>:24:
/usr/include/string.h:42:14: note: expected 'void * restrict' but argument is of type 'long int'
 extern void *memcpy (void *__restrict __dest, const void *__restrict __src,
              ^~~~~~
<stdin>:865:1320: warning: passing argument 2 of 'memcpy' makes pointer from integer without a cast [-Wint-conversion]
In file included from /usr/local/cad_tools/cadence/SPECTRE181/tools.lnx86/spectre/ahdlcmi/include/ahdlPiCmi.h:5:0,
                 from /usr/local/cad_tools/cadence/SPECTRE181/tools.lnx86/spectre/ahdlcmi/include/ahdlDevLibGlobal.h:83,
                 from <stdin>:24:
/usr/include/string.h:42:14: note: expected 'const void * restrict' but argument is of type 'long int'
 extern void *memcpy (void *__restrict __dest, const void *__restrict __src,
              ^~~~~~
<stdin>:865:1447: warning: assignment makes integer from pointer without a cast [-Wint-conversion]
<stdin>: In function 'bsource_2b273e_pGetMatrixPointers':
<stdin>:871:3046: warning: assignment makes integer from pointer without a cast [-Wint-conversion]
<stdin>: In function 'bsource_2b273e_pAnalTranLoad':
<stdin>:903:0: warning: passing argument 1 of 'aslDevFillZeorDiagonalElemet' makes pointer from integer without a cast [-Wint-conversion]
In file included from <stdin>:24:0:
/usr/local/cad_tools/cadence/SPECTRE181/tools.lnx86/spectre/ahdlcmi/include/ahdlDevLibGlobal.h:2709:33: note: expected 'void *' but argument is of type 'long int'
 ASL_FUNC_DECL_START extern void aslDevFillZeorDiagonalElemet( void *, int, unsigned int, struct ahdlFuncModeParam * );
                                 ^~~~~~~~~~~~~~~~~~~~~~~~~~~~
<stdin>: In function 'bsource_2b273e_pNoiseBindSrcs':
<stdin>:929:1483: warning: passing argument 3 of 'aslDevNoiseBindStartModel' discards 'const' qualifier from pointer target type [-Wdiscarded-qualifiers]
In file included from <stdin>:24:0:
/usr/local/cad_tools/cadence/SPECTRE181/tools.lnx86/spectre/ahdlcmi/include/ahdlDevLibGlobal.h:1098:33: note: expected 'char *' but argument is of type 'devModelID {aka const char *}'
 ASL_FUNC_DECL_START extern void aslDevNoiseBindStartModel( struct noiseData *, devInstKnot *, char *, char * );
                                 ^~~~~~~~~~~~~~~~~~~~~~~~~
<stdin>: In function 'bsource_2b273e_pNoiseNameSrcs':
<stdin>:932:1478: warning: passing argument 3 of 'aslDevNoiseNameModel' discards 'const' qualifier from pointer target type [-Wdiscarded-qualifiers]
In file included from <stdin>:24:0:
/usr/local/cad_tools/cadence/SPECTRE181/tools.lnx86/spectre/ahdlcmi/include/ahdlDevLibGlobal.h:1106:40: note: expected 'char *' but argument is of type 'devModelID {aka const char *}'
 ASL_FUNC_DECL_START extern msgSeverity aslDevNoiseNameModel( struct noiseData *, devInstKnot *, char *, char * );
                                        ^~~~~~~~~~~~~~~~~~~~
<stdin>: In function 'bsource_2b273e_pInitSelect':
<stdin>:935:2775: warning: implicit declaration of function 'devGetSimOptionInt' [-Wimplicit-function-declaration]
<stdin>:935:3629: warning: implicit declaration of function 'bsource_2b273e_BsrValCalc' [-Wimplicit-function-declaration]
<stdin>: In function 'bsource_2b273e_pSaveRestart':
<stdin>:938:1961: warning: implicit declaration of function 'pklAccessDouble' [-Wimplicit-function-declaration]
<stdin>:938:2040: warning: passing argument 2 of 'aslDevAvarSR' from incompatible pointer type [-Wincompatible-pointer-types]
In file included from <stdin>:24:0:
/usr/local/cad_tools/cadence/SPECTRE181/tools.lnx86/spectre/ahdlcmi/include/ahdlDevLibGlobal.h:1223:39: note: expected 'struct ahdlAnalogVar *' but argument is of type 'char *'
 ASL_FUNC_DECL_START extern PklError_e aslDevAvarSR( int, struct ahdlAnalogVar *, char *, char *, char *, PklJar_t * );
                                       ^~~~~~~~~~~~
<stdin>: In function 'bsource_2b273e_pSaveRestartInst':
<stdin>:941:1956: warning: passing argument 2 of 'aslDevAvarSR' from incompatible pointer type [-Wincompatible-pointer-types]
In file included from <stdin>:24:0:
/usr/local/cad_tools/cadence/SPECTRE181/tools.lnx86/spectre/ahdlcmi/include/ahdlDevLibGlobal.h:1223:39: note: expected 'struct ahdlAnalogVar *' but argument is of type 'char *'
 ASL_FUNC_DECL_START extern PklError_e aslDevAvarSR( int, struct ahdlAnalogVar *, char *, char *, char *, PklJar_t * );
                                       ^~~~~~~~~~~~
<stdin>: In function 'ahdlbsource_2b273eDescInstall':
<stdin>:983:1995: warning: implicit declaration of function 'descSetSetContrInfoPtr' [-Wimplicit-function-declaration]
<stdin>:983:2390: warning: implicit declaration of function 'descSetCopySignals' [-Wimplicit-function-declaration]
<stdin>:983:3344: warning: implicit declaration of function 'descSetPreload' [-Wimplicit-function-declaration]
<stdin>:983:3723: warning: implicit declaration of function 'descSetNoiseLoadFreqDep' [-Wimplicit-function-declaration]
<stdin>:983:3857: warning: implicit declaration of function 'descSetNoiseBindSrcs' [-Wimplicit-function-declaration]
<stdin>:983:3918: warning: implicit declaration of function 'descSetNoiseNameSrcs' [-Wimplicit-function-declaration]
rm -f -rf bsource_2b273e_TranFuncSimLoad.c
rm -f -rf bsource_2b273e_DcFuncLoad.c
rm -f -rf bsource_2b273e_TranFuncLoad.c
rm -f -rf bsource_2b273e_OpPointCalc.c
rm -f -rf bsource_2b273e_TranFuncDerSimLoad.c
rm -f -rf bsource_2b273e_DcFuncDerLoad.c
rm -f -rf bsource_2b273e_TranFuncDerLoad.c
rm -f -rf bsource_2b273e_func.c
rm -f -rf bsource_2b273e_cmi_c.c
/usr/local/cad_tools/cadence/SPECTRE181/tools.lnx86/cdsgcc/gcc/6.3/bin/gcc -shared -O3 -m64 -fPIC -o obj/optimize/5.0/libahdlcmi_bsource_2b273e.so ./obj/optimize/5.0/bsource_2b273e_func.o ./obj/optimize/5.0/bsource_2b273e_DcFuncDerLoad.o ./obj/optimize/5.0/bsource_2b273e_DcFuncLoad.o ./obj/optimize/5.0/bsource_2b273e_TranFuncDerLoad.o ./obj/optimize/5.0/bsource_2b273e_TranFuncDerSimLoad.o ./obj/optimize/5.0/bsource_2b273e_TranFuncLoad.o ./obj/optimize/5.0/bsource_2b273e_TranFuncSimLoad.o ./obj/optimize/5.0/bsource_2b273e_OpPointCalc.o ./obj/optimize/5.0/bsource_2b273e_cmi_c.o  -Wl,-rpath,/usr/lib -Wl,-rpath,/lib -s 
rm -f -f ./obj/optimize/5.0/bsource_2b273e_func.o ./obj/optimize/5.0/bsource_2b273e_DcFuncDerLoad.o ./obj/optimize/5.0/bsource_2b273e_DcFuncLoad.o ./obj/optimize/5.0/bsource_2b273e_TranFuncDerLoad.o ./obj/optimize/5.0/bsource_2b273e_TranFuncDerSimLoad.o ./obj/optimize/5.0/bsource_2b273e_TranFuncLoad.o ./obj/optimize/5.0/bsource_2b273e_TranFuncSimLoad.o ./obj/optimize/5.0/bsource_2b273e_OpPointCalc.o ./obj/optimize/5.0/bsource_2b273e_cmi_c.o 
